[crazyapi] 2021/01/20 21:56:10   INFO main com.testfan.MavenStudy.apistudy.utils.ExcelUtil:88 - 读取【reg】的第1行第2列的值是：123456 
[crazyapi] 2021/01/20 21:59:3   INFO main com.testfan.MavenStudy.apistudy.utils.ExcelUtil:88 - 读取【reg】的第1行第2列的值是：123456 
[crazyapi] 2021/01/20 22:00:39   INFO main com.testfan.MavenStudy.apistudy.utils.ExcelUtil:88 - 读取【reg】的第1行第2列的值是：123456 
[crazyapi] 2021/01/20 22:01:0   INFO main com.testfan.MavenStudy.apistudy.utils.ExcelUtil:88 - 读取【reg】的第1行第2列的值是：123456 
[crazyapi] 2021/01/20 22:01:43   INFO main com.testfan.MavenStudy.apistudy.utils.ExcelUtil:88 - 读取【reg】的第1行第2列的值是：123456 
[crazyapi] 2021/01/20 22:02:18   INFO main com.testfan.MavenStudy.apistudy.utils.ExcelUtil:88 - 读取【reg】的第1行第2列的值是：123456 
[crazyapi] 2021/01/20 22:02:35   INFO main com.testfan.MavenStudy.apistudy.utils.ExcelUtil:88 - 读取【reg】的第1行第2列的值是：123456 
[crazyapi] 2021/01/20 22:04:6   INFO main com.testfan.MavenStudy.apistudy.utils.ExcelUtil:88 - 读取【reg】的第1行第0列的值是：注册成功 
[crazyapi] 2021/01/20 22:04:6   INFO main com.testfan.MavenStudy.apistudy.utils.ExcelUtil:88 - 读取【reg】的第1行第1列的值是：sly 
[crazyapi] 2021/01/20 22:04:6   INFO main com.testfan.MavenStudy.apistudy.utils.ExcelUtil:88 - 读取【reg】的第1行第2列的值是：123456 
[crazyapi] 2021/01/20 22:04:6   INFO main com.testfan.MavenStudy.apistudy.utils.ExcelUtil:88 - 读取【reg】的第1行第3列的值是：username 
[crazyapi] 2021/01/20 22:04:6   INFO main com.testfan.MavenStudy.apistudy.utils.ExcelUtil:88 - 读取【reg】的第1行第4列的值是：1 
[crazyapi] 2021/01/20 22:04:6   INFO main com.testfan.MavenStudy.apistudy.utils.ExcelUtil:88 - 读取【reg】的第1行第5列的值是：注册成功 
[crazyapi] 2021/01/20 22:04:6   INFO main com.testfan.MavenStudy.apistudy.utils.ExcelUtil:88 - 读取【reg】的第2行第0列的值是：用户已存在 
[crazyapi] 2021/01/20 22:04:6   INFO main com.testfan.MavenStudy.apistudy.utils.ExcelUtil:88 - 读取【reg】的第2行第1列的值是：sly 
[crazyapi] 2021/01/20 22:04:6   INFO main com.testfan.MavenStudy.apistudy.utils.ExcelUtil:88 - 读取【reg】的第2行第2列的值是：123456 
[crazyapi] 2021/01/20 22:04:6   INFO main com.testfan.MavenStudy.apistudy.utils.ExcelUtil:88 - 读取【reg】的第2行第3列的值是：username 
[crazyapi] 2021/01/20 22:04:6   INFO main com.testfan.MavenStudy.apistudy.utils.ExcelUtil:88 - 读取【reg】的第2行第4列的值是：1 
[crazyapi] 2021/01/20 22:04:6   INFO main com.testfan.MavenStudy.apistudy.utils.ExcelUtil:88 - 读取【reg】的第2行第5列的值是：用户名已存在 
[crazyapi] 2021/01/20 22:04:6   INFO main com.testfan.MavenStudy.apistudy.utils.ExcelUtil:88 - 读取【reg】的第3行第0列的值是：用户名为空 
[crazyapi] 2021/01/20 22:04:6  ERROR main com.testfan.MavenStudy.apistudy.utils.ExcelUtil:91 - java.lang.NullPointerException 
[crazyapi] 2021/01/20 22:04:6   INFO main com.testfan.MavenStudy.apistudy.utils.ExcelUtil:88 - 读取【reg】的第3行第2列的值是：123456 
[crazyapi] 2021/01/20 22:04:6   INFO main com.testfan.MavenStudy.apistudy.utils.ExcelUtil:88 - 读取【reg】的第3行第3列的值是：username 
[crazyapi] 2021/01/20 22:04:6   INFO main com.testfan.MavenStudy.apistudy.utils.ExcelUtil:88 - 读取【reg】的第3行第4列的值是：1 
[crazyapi] 2021/01/20 22:04:6   INFO main com.testfan.MavenStudy.apistudy.utils.ExcelUtil:88 - 读取【reg】的第3行第5列的值是：用户名或密码不能为空 
[crazyapi] 2021/01/20 22:04:6   INFO main com.testfan.MavenStudy.apistudy.utils.ExcelUtil:88 - 读取【reg】的第4行第0列的值是：密码为空 
[crazyapi] 2021/01/20 22:04:6   INFO main com.testfan.MavenStudy.apistudy.utils.ExcelUtil:88 - 读取【reg】的第4行第1列的值是：sly 
[crazyapi] 2021/01/20 22:04:6  ERROR main com.testfan.MavenStudy.apistudy.utils.ExcelUtil:91 - java.lang.NullPointerException 
[crazyapi] 2021/01/20 22:04:6   INFO main com.testfan.MavenStudy.apistudy.utils.ExcelUtil:88 - 读取【reg】的第4行第3列的值是：username 
[crazyapi] 2021/01/20 22:04:6   INFO main com.testfan.MavenStudy.apistudy.utils.ExcelUtil:88 - 读取【reg】的第4行第4列的值是：1 
[crazyapi] 2021/01/20 22:04:6   INFO main com.testfan.MavenStudy.apistudy.utils.ExcelUtil:88 - 读取【reg】的第4行第5列的值是：用户名或密码不能为空 
[crazyapi] 2021/01/20 22:04:6   INFO main com.testfan.MavenStudy.apistudy.utils.ExcelUtil:88 - 读取【reg】的第5行第0列的值是：密码位数不足6位 
[crazyapi] 2021/01/20 22:04:6   INFO main com.testfan.MavenStudy.apistudy.utils.ExcelUtil:88 - 读取【reg】的第5行第1列的值是：sly 
[crazyapi] 2021/01/20 22:04:6   INFO main com.testfan.MavenStudy.apistudy.utils.ExcelUtil:88 - 读取【reg】的第5行第2列的值是：12345 
[crazyapi] 2021/01/20 22:04:6   INFO main com.testfan.MavenStudy.apistudy.utils.ExcelUtil:88 - 读取【reg】的第5行第3列的值是：username 
[crazyapi] 2021/01/20 22:04:6   INFO main com.testfan.MavenStudy.apistudy.utils.ExcelUtil:88 - 读取【reg】的第5行第4列的值是：1 
[crazyapi] 2021/01/20 22:04:6   INFO main com.testfan.MavenStudy.apistudy.utils.ExcelUtil:88 - 读取【reg】的第5行第5列的值是：用户密码长度不够 
[crazyapi] 2021/01/20 22:04:41   INFO main com.testfan.MavenStudy.apistudy.utils.ExcelUtil:88 - 读取【reg】的第1行第0列的值是：注册成功 
[crazyapi] 2021/01/20 22:04:41   INFO main com.testfan.MavenStudy.apistudy.utils.ExcelUtil:88 - 读取【reg】的第1行第1列的值是：sly 
[crazyapi] 2021/01/20 22:04:41   INFO main com.testfan.MavenStudy.apistudy.utils.ExcelUtil:88 - 读取【reg】的第1行第2列的值是：123456 
[crazyapi] 2021/01/20 22:04:41   INFO main com.testfan.MavenStudy.apistudy.utils.ExcelUtil:88 - 读取【reg】的第1行第3列的值是：username 
[crazyapi] 2021/01/20 22:04:41   INFO main com.testfan.MavenStudy.apistudy.utils.ExcelUtil:88 - 读取【reg】的第1行第4列的值是：1 
[crazyapi] 2021/01/20 22:04:41   INFO main com.testfan.MavenStudy.apistudy.utils.ExcelUtil:88 - 读取【reg】的第1行第5列的值是：注册成功 
[crazyapi] 2021/01/20 22:04:41   INFO main com.testfan.MavenStudy.apistudy.utils.ExcelUtil:88 - 读取【reg】的第2行第0列的值是：用户已存在 
[crazyapi] 2021/01/20 22:04:41   INFO main com.testfan.MavenStudy.apistudy.utils.ExcelUtil:88 - 读取【reg】的第2行第1列的值是：sly 
[crazyapi] 2021/01/20 22:04:41   INFO main com.testfan.MavenStudy.apistudy.utils.ExcelUtil:88 - 读取【reg】的第2行第2列的值是：123456 
[crazyapi] 2021/01/20 22:04:41   INFO main com.testfan.MavenStudy.apistudy.utils.ExcelUtil:88 - 读取【reg】的第2行第3列的值是：username 
[crazyapi] 2021/01/20 22:04:41   INFO main com.testfan.MavenStudy.apistudy.utils.ExcelUtil:88 - 读取【reg】的第2行第4列的值是：1 
[crazyapi] 2021/01/20 22:04:41   INFO main com.testfan.MavenStudy.apistudy.utils.ExcelUtil:88 - 读取【reg】的第2行第5列的值是：用户名已存在 
[crazyapi] 2021/01/20 22:04:41   INFO main com.testfan.MavenStudy.apistudy.utils.ExcelUtil:88 - 读取【reg】的第3行第0列的值是：用户名为空 
[crazyapi] 2021/01/20 22:04:41  ERROR main com.testfan.MavenStudy.apistudy.utils.ExcelUtil:91 - java.lang.NullPointerException 
[crazyapi] 2021/01/20 22:04:41   INFO main com.testfan.MavenStudy.apistudy.utils.ExcelUtil:88 - 读取【reg】的第3行第2列的值是：123456 
[crazyapi] 2021/01/20 22:04:41   INFO main com.testfan.MavenStudy.apistudy.utils.ExcelUtil:88 - 读取【reg】的第3行第3列的值是：username 
[crazyapi] 2021/01/20 22:04:41   INFO main com.testfan.MavenStudy.apistudy.utils.ExcelUtil:88 - 读取【reg】的第3行第4列的值是：1 
[crazyapi] 2021/01/20 22:04:41   INFO main com.testfan.MavenStudy.apistudy.utils.ExcelUtil:88 - 读取【reg】的第3行第5列的值是：用户名或密码不能为空 
[crazyapi] 2021/01/20 22:04:41   INFO main com.testfan.MavenStudy.apistudy.utils.ExcelUtil:88 - 读取【reg】的第4行第0列的值是：密码为空 
[crazyapi] 2021/01/20 22:04:41   INFO main com.testfan.MavenStudy.apistudy.utils.ExcelUtil:88 - 读取【reg】的第4行第1列的值是：sly 
[crazyapi] 2021/01/20 22:04:41  ERROR main com.testfan.MavenStudy.apistudy.utils.ExcelUtil:91 - java.lang.NullPointerException 
[crazyapi] 2021/01/20 22:04:41   INFO main com.testfan.MavenStudy.apistudy.utils.ExcelUtil:88 - 读取【reg】的第4行第3列的值是：username 
[crazyapi] 2021/01/20 22:04:41   INFO main com.testfan.MavenStudy.apistudy.utils.ExcelUtil:88 - 读取【reg】的第4行第4列的值是：1 
[crazyapi] 2021/01/20 22:04:41   INFO main com.testfan.MavenStudy.apistudy.utils.ExcelUtil:88 - 读取【reg】的第4行第5列的值是：用户名或密码不能为空 
[crazyapi] 2021/01/20 22:04:41   INFO main com.testfan.MavenStudy.apistudy.utils.ExcelUtil:88 - 读取【reg】的第5行第0列的值是：密码位数不足6位 
[crazyapi] 2021/01/20 22:04:41   INFO main com.testfan.MavenStudy.apistudy.utils.ExcelUtil:88 - 读取【reg】的第5行第1列的值是：sly 
[crazyapi] 2021/01/20 22:04:41   INFO main com.testfan.MavenStudy.apistudy.utils.ExcelUtil:88 - 读取【reg】的第5行第2列的值是：12345 
[crazyapi] 2021/01/20 22:04:41   INFO main com.testfan.MavenStudy.apistudy.utils.ExcelUtil:88 - 读取【reg】的第5行第3列的值是：username 
[crazyapi] 2021/01/20 22:04:41   INFO main com.testfan.MavenStudy.apistudy.utils.ExcelUtil:88 - 读取【reg】的第5行第4列的值是：1 
[crazyapi] 2021/01/20 22:04:41   INFO main com.testfan.MavenStudy.apistudy.utils.ExcelUtil:88 - 读取【reg】的第5行第5列的值是：用户密码长度不够 
[crazyapi] 2021/01/20 22:05:1   INFO main com.testfan.MavenStudy.apistudy.utils.ExcelUtil:88 - 读取【reg】的第1行第0列的值是：注册成功 
[crazyapi] 2021/01/20 22:05:1   INFO main com.testfan.MavenStudy.apistudy.utils.ExcelUtil:88 - 读取【reg】的第1行第1列的值是：sly 
[crazyapi] 2021/01/20 22:05:1   INFO main com.testfan.MavenStudy.apistudy.utils.ExcelUtil:88 - 读取【reg】的第1行第2列的值是：123456 
[crazyapi] 2021/01/20 22:05:1   INFO main com.testfan.MavenStudy.apistudy.utils.ExcelUtil:88 - 读取【reg】的第1行第3列的值是：username 
[crazyapi] 2021/01/20 22:05:1   INFO main com.testfan.MavenStudy.apistudy.utils.ExcelUtil:88 - 读取【reg】的第1行第4列的值是：1 
[crazyapi] 2021/01/20 22:05:1   INFO main com.testfan.MavenStudy.apistudy.utils.ExcelUtil:88 - 读取【reg】的第1行第5列的值是：注册成功 
[crazyapi] 2021/01/20 22:05:1   INFO main com.testfan.MavenStudy.apistudy.utils.ExcelUtil:88 - 读取【reg】的第2行第0列的值是：用户已存在 
[crazyapi] 2021/01/20 22:05:1   INFO main com.testfan.MavenStudy.apistudy.utils.ExcelUtil:88 - 读取【reg】的第2行第1列的值是：sly 
[crazyapi] 2021/01/20 22:05:1   INFO main com.testfan.MavenStudy.apistudy.utils.ExcelUtil:88 - 读取【reg】的第2行第2列的值是：123456 
[crazyapi] 2021/01/20 22:05:1   INFO main com.testfan.MavenStudy.apistudy.utils.ExcelUtil:88 - 读取【reg】的第2行第3列的值是：username 
[crazyapi] 2021/01/20 22:05:1   INFO main com.testfan.MavenStudy.apistudy.utils.ExcelUtil:88 - 读取【reg】的第2行第4列的值是：1 
[crazyapi] 2021/01/20 22:05:1   INFO main com.testfan.MavenStudy.apistudy.utils.ExcelUtil:88 - 读取【reg】的第2行第5列的值是：用户名已存在 
[crazyapi] 2021/01/20 22:05:1   INFO main com.testfan.MavenStudy.apistudy.utils.ExcelUtil:88 - 读取【reg】的第3行第0列的值是：用户名为空 
[crazyapi] 2021/01/20 22:05:1  ERROR main com.testfan.MavenStudy.apistudy.utils.ExcelUtil:91 - java.lang.NullPointerException 
[crazyapi] 2021/01/20 22:05:1   INFO main com.testfan.MavenStudy.apistudy.utils.ExcelUtil:88 - 读取【reg】的第3行第2列的值是：123456 
[crazyapi] 2021/01/20 22:05:1   INFO main com.testfan.MavenStudy.apistudy.utils.ExcelUtil:88 - 读取【reg】的第3行第3列的值是：username 
[crazyapi] 2021/01/20 22:05:1   INFO main com.testfan.MavenStudy.apistudy.utils.ExcelUtil:88 - 读取【reg】的第3行第4列的值是：1 
[crazyapi] 2021/01/20 22:05:1   INFO main com.testfan.MavenStudy.apistudy.utils.ExcelUtil:88 - 读取【reg】的第3行第5列的值是：用户名或密码不能为空 
[crazyapi] 2021/01/20 22:05:1   INFO main com.testfan.MavenStudy.apistudy.utils.ExcelUtil:88 - 读取【reg】的第4行第0列的值是：密码为空 
[crazyapi] 2021/01/20 22:05:1   INFO main com.testfan.MavenStudy.apistudy.utils.ExcelUtil:88 - 读取【reg】的第4行第1列的值是：sly 
[crazyapi] 2021/01/20 22:05:1  ERROR main com.testfan.MavenStudy.apistudy.utils.ExcelUtil:91 - java.lang.NullPointerException 
[crazyapi] 2021/01/20 22:05:1   INFO main com.testfan.MavenStudy.apistudy.utils.ExcelUtil:88 - 读取【reg】的第4行第3列的值是：username 
[crazyapi] 2021/01/20 22:05:1   INFO main com.testfan.MavenStudy.apistudy.utils.ExcelUtil:88 - 读取【reg】的第4行第4列的值是：1 
[crazyapi] 2021/01/20 22:05:1   INFO main com.testfan.MavenStudy.apistudy.utils.ExcelUtil:88 - 读取【reg】的第4行第5列的值是：用户名或密码不能为空 
[crazyapi] 2021/01/20 22:05:1   INFO main com.testfan.MavenStudy.apistudy.utils.ExcelUtil:88 - 读取【reg】的第5行第0列的值是：密码位数不足6位 
[crazyapi] 2021/01/20 22:05:1   INFO main com.testfan.MavenStudy.apistudy.utils.ExcelUtil:88 - 读取【reg】的第5行第1列的值是：sly 
[crazyapi] 2021/01/20 22:05:1   INFO main com.testfan.MavenStudy.apistudy.utils.ExcelUtil:88 - 读取【reg】的第5行第2列的值是：12345 
[crazyapi] 2021/01/20 22:05:1   INFO main com.testfan.MavenStudy.apistudy.utils.ExcelUtil:88 - 读取【reg】的第5行第3列的值是：username 
[crazyapi] 2021/01/20 22:05:1   INFO main com.testfan.MavenStudy.apistudy.utils.ExcelUtil:88 - 读取【reg】的第5行第4列的值是：1 
[crazyapi] 2021/01/20 22:05:1   INFO main com.testfan.MavenStudy.apistudy.utils.ExcelUtil:88 - 读取【reg】的第5行第5列的值是：用户密码长度不够 
[crazyapi] 2021/01/20 22:30:53   INFO main com.testfan.MavenStudy.apistudy.utils.ExcelUtil:88 - 读取【reg】的第1行第0列的值是：注册成功 
[crazyapi] 2021/01/20 22:30:53   INFO main com.testfan.MavenStudy.apistudy.utils.ExcelUtil:88 - 读取【reg】的第1行第1列的值是：sly123 
[crazyapi] 2021/01/20 22:30:53   INFO main com.testfan.MavenStudy.apistudy.utils.ExcelUtil:88 - 读取【reg】的第1行第2列的值是：123456 
[crazyapi] 2021/01/20 22:30:53   INFO main com.testfan.MavenStudy.apistudy.utils.ExcelUtil:88 - 读取【reg】的第1行第3列的值是：username 
[crazyapi] 2021/01/20 22:30:53   INFO main com.testfan.MavenStudy.apistudy.utils.ExcelUtil:88 - 读取【reg】的第1行第4列的值是：1 
[crazyapi] 2021/01/20 22:30:53   INFO main com.testfan.MavenStudy.apistudy.utils.ExcelUtil:88 - 读取【reg】的第1行第5列的值是：注册成功 
[crazyapi] 2021/01/20 22:30:53   INFO main com.testfan.MavenStudy.apistudy.utils.ExcelUtil:88 - 读取【reg】的第2行第0列的值是：用户已存在 
[crazyapi] 2021/01/20 22:30:53   INFO main com.testfan.MavenStudy.apistudy.utils.ExcelUtil:88 - 读取【reg】的第2行第1列的值是：sly123 
[crazyapi] 2021/01/20 22:30:53   INFO main com.testfan.MavenStudy.apistudy.utils.ExcelUtil:88 - 读取【reg】的第2行第2列的值是：123456 
[crazyapi] 2021/01/20 22:30:53   INFO main com.testfan.MavenStudy.apistudy.utils.ExcelUtil:88 - 读取【reg】的第2行第3列的值是：username 
[crazyapi] 2021/01/20 22:30:53   INFO main com.testfan.MavenStudy.apistudy.utils.ExcelUtil:88 - 读取【reg】的第2行第4列的值是：1 
[crazyapi] 2021/01/20 22:30:53   INFO main com.testfan.MavenStudy.apistudy.utils.ExcelUtil:88 - 读取【reg】的第2行第5列的值是：账号已存在 
[crazyapi] 2021/01/20 22:30:53   INFO main com.testfan.MavenStudy.apistudy.utils.ExcelUtil:88 - 读取【reg】的第3行第0列的值是：用户名为空 
[crazyapi] 2021/01/20 22:30:53  ERROR main com.testfan.MavenStudy.apistudy.utils.ExcelUtil:91 - java.lang.NullPointerException 
[crazyapi] 2021/01/20 22:30:53   INFO main com.testfan.MavenStudy.apistudy.utils.ExcelUtil:88 - 读取【reg】的第3行第2列的值是：123456 
[crazyapi] 2021/01/20 22:30:53   INFO main com.testfan.MavenStudy.apistudy.utils.ExcelUtil:88 - 读取【reg】的第3行第3列的值是：username 
[crazyapi] 2021/01/20 22:30:53   INFO main com.testfan.MavenStudy.apistudy.utils.ExcelUtil:88 - 读取【reg】的第3行第4列的值是：1 
[crazyapi] 2021/01/20 22:30:53   INFO main com.testfan.MavenStudy.apistudy.utils.ExcelUtil:88 - 读取【reg】的第3行第5列的值是：账号不能为空 
[crazyapi] 2021/01/20 22:30:53   INFO main com.testfan.MavenStudy.apistudy.utils.ExcelUtil:88 - 读取【reg】的第4行第0列的值是：密码为空 
[crazyapi] 2021/01/20 22:30:53   INFO main com.testfan.MavenStudy.apistudy.utils.ExcelUtil:88 - 读取【reg】的第4行第1列的值是：sly 
[crazyapi] 2021/01/20 22:30:53  ERROR main com.testfan.MavenStudy.apistudy.utils.ExcelUtil:91 - java.lang.NullPointerException 
[crazyapi] 2021/01/20 22:30:53   INFO main com.testfan.MavenStudy.apistudy.utils.ExcelUtil:88 - 读取【reg】的第4行第3列的值是：username 
[crazyapi] 2021/01/20 22:30:53   INFO main com.testfan.MavenStudy.apistudy.utils.ExcelUtil:88 - 读取【reg】的第4行第4列的值是：1 
[crazyapi] 2021/01/20 22:30:53   INFO main com.testfan.MavenStudy.apistudy.utils.ExcelUtil:88 - 读取【reg】的第4行第5列的值是：密码不能为空 
[crazyapi] 2021/01/20 22:31:38   INFO main com.testfan.MavenStudy.apistudy.utils.ExcelUtil:88 - 读取【reg】的第1行第0列的值是：注册成功 
[crazyapi] 2021/01/20 22:31:38   INFO main com.testfan.MavenStudy.apistudy.utils.ExcelUtil:88 - 读取【reg】的第1行第1列的值是：sly123 
[crazyapi] 2021/01/20 22:31:38   INFO main com.testfan.MavenStudy.apistudy.utils.ExcelUtil:88 - 读取【reg】的第1行第2列的值是：123456 
[crazyapi] 2021/01/20 22:31:38   INFO main com.testfan.MavenStudy.apistudy.utils.ExcelUtil:88 - 读取【reg】的第1行第3列的值是：username 
[crazyapi] 2021/01/20 22:31:38   INFO main com.testfan.MavenStudy.apistudy.utils.ExcelUtil:88 - 读取【reg】的第1行第4列的值是：1 
[crazyapi] 2021/01/20 22:31:38   INFO main com.testfan.MavenStudy.apistudy.utils.ExcelUtil:88 - 读取【reg】的第1行第5列的值是：注册成功 
[crazyapi] 2021/01/20 22:31:38   INFO main com.testfan.MavenStudy.apistudy.utils.ExcelUtil:88 - 读取【reg】的第2行第0列的值是：用户已存在 
[crazyapi] 2021/01/20 22:31:38   INFO main com.testfan.MavenStudy.apistudy.utils.ExcelUtil:88 - 读取【reg】的第2行第1列的值是：sly123 
[crazyapi] 2021/01/20 22:31:38   INFO main com.testfan.MavenStudy.apistudy.utils.ExcelUtil:88 - 读取【reg】的第2行第2列的值是：123456 
[crazyapi] 2021/01/20 22:31:38   INFO main com.testfan.MavenStudy.apistudy.utils.ExcelUtil:88 - 读取【reg】的第2行第3列的值是：username 
[crazyapi] 2021/01/20 22:31:38   INFO main com.testfan.MavenStudy.apistudy.utils.ExcelUtil:88 - 读取【reg】的第2行第4列的值是：1 
[crazyapi] 2021/01/20 22:31:38   INFO main com.testfan.MavenStudy.apistudy.utils.ExcelUtil:88 - 读取【reg】的第2行第5列的值是：账号已存在 
[crazyapi] 2021/01/20 22:31:38   INFO main com.testfan.MavenStudy.apistudy.utils.ExcelUtil:88 - 读取【reg】的第3行第0列的值是：用户名为空 
[crazyapi] 2021/01/20 22:31:38  ERROR main com.testfan.MavenStudy.apistudy.utils.ExcelUtil:91 - java.lang.NullPointerException 
[crazyapi] 2021/01/20 22:31:38   INFO main com.testfan.MavenStudy.apistudy.utils.ExcelUtil:88 - 读取【reg】的第3行第2列的值是：123456 
[crazyapi] 2021/01/20 22:31:38   INFO main com.testfan.MavenStudy.apistudy.utils.ExcelUtil:88 - 读取【reg】的第3行第3列的值是：username 
[crazyapi] 2021/01/20 22:31:38   INFO main com.testfan.MavenStudy.apistudy.utils.ExcelUtil:88 - 读取【reg】的第3行第4列的值是：1 
[crazyapi] 2021/01/20 22:31:38   INFO main com.testfan.MavenStudy.apistudy.utils.ExcelUtil:88 - 读取【reg】的第3行第5列的值是：账号不能为空 
[crazyapi] 2021/01/20 22:31:38   INFO main com.testfan.MavenStudy.apistudy.utils.ExcelUtil:88 - 读取【reg】的第4行第0列的值是：密码为空 
[crazyapi] 2021/01/20 22:31:38   INFO main com.testfan.MavenStudy.apistudy.utils.ExcelUtil:88 - 读取【reg】的第4行第1列的值是：sly 
[crazyapi] 2021/01/20 22:31:38  ERROR main com.testfan.MavenStudy.apistudy.utils.ExcelUtil:91 - java.lang.NullPointerException 
[crazyapi] 2021/01/20 22:31:38   INFO main com.testfan.MavenStudy.apistudy.utils.ExcelUtil:88 - 读取【reg】的第4行第3列的值是：username 
[crazyapi] 2021/01/20 22:31:38   INFO main com.testfan.MavenStudy.apistudy.utils.ExcelUtil:88 - 读取【reg】的第4行第4列的值是：1 
[crazyapi] 2021/01/20 22:31:38   INFO main com.testfan.MavenStudy.apistudy.utils.ExcelUtil:88 - 读取【reg】的第4行第5列的值是：密码不能为空 
[crazyapi] 2021/01/20 22:32:52   INFO main com.testfan.MavenStudy.apistudy.utils.ExcelUtil:88 - 读取【reg】的第1行第0列的值是：注册成功 
[crazyapi] 2021/01/20 22:32:52   INFO main com.testfan.MavenStudy.apistudy.utils.ExcelUtil:88 - 读取【reg】的第1行第1列的值是：sly1234 
[crazyapi] 2021/01/20 22:32:52   INFO main com.testfan.MavenStudy.apistudy.utils.ExcelUtil:88 - 读取【reg】的第1行第2列的值是：123456 
[crazyapi] 2021/01/20 22:32:52   INFO main com.testfan.MavenStudy.apistudy.utils.ExcelUtil:88 - 读取【reg】的第1行第3列的值是：username 
[crazyapi] 2021/01/20 22:32:52   INFO main com.testfan.MavenStudy.apistudy.utils.ExcelUtil:88 - 读取【reg】的第1行第4列的值是：1 
[crazyapi] 2021/01/20 22:32:52   INFO main com.testfan.MavenStudy.apistudy.utils.ExcelUtil:88 - 读取【reg】的第1行第5列的值是：注册成功 
[crazyapi] 2021/01/20 22:32:52   INFO main com.testfan.MavenStudy.apistudy.utils.ExcelUtil:88 - 读取【reg】的第2行第0列的值是：用户已存在 
[crazyapi] 2021/01/20 22:32:52   INFO main com.testfan.MavenStudy.apistudy.utils.ExcelUtil:88 - 读取【reg】的第2行第1列的值是：sly1234 
[crazyapi] 2021/01/20 22:32:52   INFO main com.testfan.MavenStudy.apistudy.utils.ExcelUtil:88 - 读取【reg】的第2行第2列的值是：123456 
[crazyapi] 2021/01/20 22:32:52   INFO main com.testfan.MavenStudy.apistudy.utils.ExcelUtil:88 - 读取【reg】的第2行第3列的值是：username 
[crazyapi] 2021/01/20 22:32:52   INFO main com.testfan.MavenStudy.apistudy.utils.ExcelUtil:88 - 读取【reg】的第2行第4列的值是：1 
[crazyapi] 2021/01/20 22:32:52   INFO main com.testfan.MavenStudy.apistudy.utils.ExcelUtil:88 - 读取【reg】的第2行第5列的值是：账号已存在 
[crazyapi] 2021/01/20 22:32:52   INFO main com.testfan.MavenStudy.apistudy.utils.ExcelUtil:88 - 读取【reg】的第3行第0列的值是：用户名为空 
[crazyapi] 2021/01/20 22:32:52  ERROR main com.testfan.MavenStudy.apistudy.utils.ExcelUtil:91 - java.lang.NullPointerException 
[crazyapi] 2021/01/20 22:32:52   INFO main com.testfan.MavenStudy.apistudy.utils.ExcelUtil:88 - 读取【reg】的第3行第2列的值是：123456 
[crazyapi] 2021/01/20 22:32:52   INFO main com.testfan.MavenStudy.apistudy.utils.ExcelUtil:88 - 读取【reg】的第3行第3列的值是：username 
[crazyapi] 2021/01/20 22:32:52   INFO main com.testfan.MavenStudy.apistudy.utils.ExcelUtil:88 - 读取【reg】的第3行第4列的值是：1 
[crazyapi] 2021/01/20 22:32:52   INFO main com.testfan.MavenStudy.apistudy.utils.ExcelUtil:88 - 读取【reg】的第3行第5列的值是：账号不能为空 
[crazyapi] 2021/01/20 22:32:52   INFO main com.testfan.MavenStudy.apistudy.utils.ExcelUtil:88 - 读取【reg】的第4行第0列的值是：密码为空 
[crazyapi] 2021/01/20 22:32:52   INFO main com.testfan.MavenStudy.apistudy.utils.ExcelUtil:88 - 读取【reg】的第4行第1列的值是：sly 
[crazyapi] 2021/01/20 22:32:52  ERROR main com.testfan.MavenStudy.apistudy.utils.ExcelUtil:91 - java.lang.NullPointerException 
[crazyapi] 2021/01/20 22:32:52   INFO main com.testfan.MavenStudy.apistudy.utils.ExcelUtil:88 - 读取【reg】的第4行第3列的值是：username 
[crazyapi] 2021/01/20 22:32:52   INFO main com.testfan.MavenStudy.apistudy.utils.ExcelUtil:88 - 读取【reg】的第4行第4列的值是：1 
[crazyapi] 2021/01/20 22:32:52   INFO main com.testfan.MavenStudy.apistudy.utils.ExcelUtil:88 - 读取【reg】的第4行第5列的值是：密码不能为空 
